#
# There is insufficient memory for the Java Runtime Environment to continue.
# Native memory allocation (malloc) failed to allocate 1002096 bytes for Chunk::new
# Possible reasons:
#   The system is out of physical RAM or swap space
#   The process is running with CompressedOops enabled, and the Java Heap may be blocking the growth of the native heap
# Possible solutions:
#   Reduce memory load on the system
#   Increase physical memory or swap space
#   Check if swap backing store is full
#   Decrease Java heap size (-Xmx/-Xms)
#   Decrease number of Java threads
#   Decrease Java thread stack sizes (-Xss)
#   Set larger code cache with -XX:ReservedCodeCacheSize=
#   JVM is running with Zero Based Compressed Oops mode in which the Java heap is
#     placed in the first 32GB address space. The Java Heap base address is the
#     maximum limit for the native heap growth. Please use -XX:HeapBaseMinAddress
#     to set the Java Heap base and to place the Java Heap above 32GB virtual address.
# This output file may be truncated or incomplete.
#
#  Out of Memory Error (./open/src/hotspot/share/memory/arena.cpp:197), pid=28560, tid=21128
#
# JRE version: Java(TM) SE Runtime Environment 18.9 (11.0.10+8) (build 11.0.10+8-LTS-162)
# Java VM: Java HotSpot(TM) 64-Bit Server VM 18.9 (11.0.10+8-LTS-162, mixed mode, tiered, compressed oops, g1 gc, windows-amd64)
# No core dump will be written. Minidumps are not enabled by default on client versions of Windows
#

---------------  S U M M A R Y ------------

Command Line: -Dmaven.wagon.http.ssl.insecure=true -Dmaven.wagon.http.ssl.allowall=true -Dmaven.wagon.http.ssl.ignore.validity.dates=true -Dclassworlds.conf=D:\apache-maven-3.6.3-bin\apache-maven-3.6.3\bin\..\bin\m2.conf -Dmaven.home=D:\apache-maven-3.6.3-bin\apache-maven-3.6.3\bin\.. -Dlibrary.jansi.path=D:\apache-maven-3.6.3-bin\apache-maven-3.6.3\bin\..\lib\jansi-native -Dmaven.multiModuleProjectDirectory=D:\Datos de Usuarios\S61089\Desktop\ProyectoFrutita\Backend\frutitape-backend org.codehaus.plexus.classworlds.launcher.Launcher package

Host: Intel(R) Core(TM) i5-8365U CPU @ 1.60GHz, 8 cores, 15G,  Windows 10 , 64 bit Build 18362 (10.0.18362.1500)
Time: Fri May  7 15:03:14 2021 Hora est. Pacífico, Sudamérica elapsed time: 2.180323 seconds (0d 0h 0m 2s)

---------------  T H R E A D  ---------------

Current thread (0x00000199a4e22800):  JavaThread "C2 CompilerThread1" daemon [_thread_in_native, id=21128, stack(0x0000005376000000,0x0000005376100000)]


Current CompileTask:
C2:   2180 1942   !   4       java.net.URL::<init> (543 bytes)

Stack: [0x0000005376000000,0x0000005376100000]
Native frames: (J=compiled Java code, j=interpreted, Vv=VM code, C=native code)
V  [jvm.dll+0x613e6a]
V  [jvm.dll+0x74c1ff]
V  [jvm.dll+0x74d885]
V  [jvm.dll+0x74df03]
V  [jvm.dll+0x243b78]
V  [jvm.dll+0xba2cc]
V  [jvm.dll+0xba9cc]
V  [jvm.dll+0x3469c7]
V  [jvm.dll+0x194059]
V  [jvm.dll+0x1fd4a2]
V  [jvm.dll+0x1fc54f]
V  [jvm.dll+0x17f09c]
V  [jvm.dll+0x20bbd4]
V  [jvm.dll+0x209cab]
V  [jvm.dll+0x713619]
V  [jvm.dll+0x70c314]
V  [jvm.dll+0x613036]
C  [ucrtbase.dll+0x210b2]
C  [KERNEL32.DLL+0x17c24]
C  [ntdll.dll+0x6d721]


---------------  P R O C E S S  ---------------

Threads class SMR info:
_java_thread_list=0x00000199a5c27cd0, length=12, elements={
0x00000199fcf3b000, 0x00000199a3fed000, 0x00000199a4016800, 0x00000199a4069800,
0x00000199a406a800, 0x00000199a406e000, 0x00000199a4073000, 0x00000199a407e800,
0x00000199a41f0000, 0x00000199a4205800, 0x00000199a4e22800, 0x00000199a5fea000
}

Java Threads: ( => current thread )
  0x00000199fcf3b000 JavaThread "main" [_thread_in_native, id=14720, stack(0x0000005374e00000,0x0000005374f00000)]
  0x00000199a3fed000 JavaThread "Reference Handler" daemon [_thread_blocked, id=23192, stack(0x0000005375600000,0x0000005375700000)]
  0x00000199a4016800 JavaThread "Finalizer" daemon [_thread_blocked, id=18808, stack(0x0000005375700000,0x0000005375800000)]
  0x00000199a4069800 JavaThread "Signal Dispatcher" daemon [_thread_blocked, id=15604, stack(0x0000005375800000,0x0000005375900000)]
  0x00000199a406a800 JavaThread "Attach Listener" daemon [_thread_blocked, id=16912, stack(0x0000005375900000,0x0000005375a00000)]
  0x00000199a406e000 JavaThread "C2 CompilerThread0" daemon [_thread_in_native, id=24652, stack(0x0000005375a00000,0x0000005375b00000)]
  0x00000199a4073000 JavaThread "C1 CompilerThread0" daemon [_thread_blocked, id=20344, stack(0x0000005375b00000,0x0000005375c00000)]
  0x00000199a407e800 JavaThread "Sweeper thread" daemon [_thread_blocked, id=4980, stack(0x0000005375c00000,0x0000005375d00000)]
  0x00000199a41f0000 JavaThread "Service Thread" daemon [_thread_blocked, id=8100, stack(0x0000005375d00000,0x0000005375e00000)]
  0x00000199a4205800 JavaThread "Common-Cleaner" daemon [_thread_blocked, id=27508, stack(0x0000005375f00000,0x0000005376000000)]
=>0x00000199a4e22800 JavaThread "C2 CompilerThread1" daemon [_thread_in_native, id=21128, stack(0x0000005376000000,0x0000005376100000)]
  0x00000199a5fea000 JavaThread "C2 CompilerThread2" daemon [_thread_in_native, id=7676, stack(0x0000005376100000,0x0000005376200000)]

Other Threads:
  0x00000199a3fea800 VMThread "VM Thread" [stack: 0x0000005375500000,0x0000005375600000] [id=14868]
  0x00000199a41f2000 WatcherThread [stack: 0x0000005375e00000,0x0000005375f00000] [id=1856]
  0x00000199fcf4c000 GCTaskThread "GC Thread#0" [stack: 0x0000005375000000,0x0000005375100000] [id=25608]
  0x00000199a5648800 GCTaskThread "GC Thread#1" [stack: 0x0000005376200000,0x0000005376300000] [id=436]
  0x00000199a5b01800 GCTaskThread "GC Thread#2" [stack: 0x0000005376300000,0x0000005376400000] [id=24668]
  0x00000199a5b03000 GCTaskThread "GC Thread#3" [stack: 0x0000005376400000,0x0000005376500000] [id=27376]
  0x00000199a5aff000 GCTaskThread "GC Thread#4" [stack: 0x0000005376500000,0x0000005376600000] [id=20140]
  0x00000199a5b00800 GCTaskThread "GC Thread#5" [stack: 0x0000005376600000,0x0000005376700000] [id=29108]
  0x00000199fcfab000 ConcurrentGCThread "G1 Main Marker" [stack: 0x0000005375100000,0x0000005375200000] [id=11732]
  0x00000199fcfac000 ConcurrentGCThread "G1 Conc#0" [stack: 0x0000005375200000,0x0000005375300000] [id=15816]
  0x00000199a3e58800 ConcurrentGCThread "G1 Refine#0" [stack: 0x0000005375300000,0x0000005375400000] [id=22116]
  0x00000199a3e59800 ConcurrentGCThread "G1 Young RemSet Sampling" [stack: 0x0000005375400000,0x0000005375500000] [id=21080]

Threads with active compile tasks:
C2 CompilerThread0   2303 2128 %     4       sun.nio.cs.UTF_8$Decoder::decodeArrayLoop @ 73 (691 bytes)
C2 CompilerThread1   2303 1942   !   4       java.net.URL::<init> (543 bytes)
C2 CompilerThread2   2303 2094       4       org.apache.maven.model.io.xpp3.MavenXpp3ReaderEx::checkFieldWithDuplicate (75 bytes)

VM state:not at safepoint (normal execution)

VM Mutex/Monitor currently owned by a thread: None

Heap address: 0x0000000703000000, size: 4048 MB, Compressed Oops mode: Zero based, Oop shift amount: 3
Narrow klass base: 0x0000000800000000, Narrow klass shift: 0
Compressed class space size: 1073741824 Address: 0x0000000800000000

Heap:
 garbage-first heap   total 260096K, used 50594K [0x0000000703000000, 0x0000000800000000)
  region size 1024K, 50 young (51200K), 3 survivors (3072K)
 Metaspace       used 20114K, capacity 20489K, committed 20736K, reserved 1067008K
  class space    used 2160K, capacity 2279K, committed 2304K, reserved 1048576K
Heap Regions: E=young(eden), S=young(survivor), O=old, HS=humongous(starts), HC=humongous(continues), CS=collection set, F=free, A=archive, TAMS=top-at-mark-start (previous, next)
|   0|0x0000000703000000, 0x0000000703068a08, 0x0000000703100000| 40%| O|  |TAMS 0x0000000703000000, 0x0000000703000000| Untracked 
|   1|0x0000000703100000, 0x0000000703100000, 0x0000000703200000|  0%| F|  |TAMS 0x0000000703100000, 0x0000000703100000| Untracked 
|   2|0x0000000703200000, 0x0000000703200000, 0x0000000703300000|  0%| F|  |TAMS 0x0000000703200000, 0x0000000703200000| Untracked 
|   3|0x0000000703300000, 0x0000000703300000, 0x0000000703400000|  0%| F|  |TAMS 0x0000000703300000, 0x0000000703300000| Untracked 
|   4|0x0000000703400000, 0x0000000703400000, 0x0000000703500000|  0%| F|  |TAMS 0x0000000703400000, 0x0000000703400000| Untracked 
|   5|0x0000000703500000, 0x0000000703500000, 0x0000000703600000|  0%| F|  |TAMS 0x0000000703500000, 0x0000000703500000| Untracked 
|   6|0x0000000703600000, 0x0000000703600000, 0x0000000703700000|  0%| F|  |TAMS 0x0000000703600000, 0x0000000703600000| Untracked 
|   7|0x0000000703700000, 0x0000000703700000, 0x0000000703800000|  0%| F|  |TAMS 0x0000000703700000, 0x0000000703700000| Untracked 
|   8|0x0000000703800000, 0x0000000703800000, 0x0000000703900000|  0%| F|  |TAMS 0x0000000703800000, 0x0000000703800000| Untracked 
|   9|0x0000000703900000, 0x0000000703900000, 0x0000000703a00000|  0%| F|  |TAMS 0x0000000703900000, 0x0000000703900000| Untracked 
|  10|0x0000000703a00000, 0x0000000703a00000, 0x0000000703b00000|  0%| F|  |TAMS 0x0000000703a00000, 0x0000000703a00000| Untracked 
|  11|0x0000000703b00000, 0x0000000703b00000, 0x0000000703c00000|  0%| F|  |TAMS 0x0000000703b00000, 0x0000000703b00000| Untracked 
|  12|0x0000000703c00000, 0x0000000703c00000, 0x0000000703d00000|  0%| F|  |TAMS 0x0000000703c00000, 0x0000000703c00000| Untracked 
|  13|0x0000000703d00000, 0x0000000703d00000, 0x0000000703e00000|  0%| F|  |TAMS 0x0000000703d00000, 0x0000000703d00000| Untracked 
|  14|0x0000000703e00000, 0x0000000703e00000, 0x0000000703f00000|  0%| F|  |TAMS 0x0000000703e00000, 0x0000000703e00000| Untracked 
|  15|0x0000000703f00000, 0x0000000703f00000, 0x0000000704000000|  0%| F|  |TAMS 0x0000000703f00000, 0x0000000703f00000| Untracked 
|  16|0x0000000704000000, 0x0000000704000000, 0x0000000704100000|  0%| F|  |TAMS 0x0000000704000000, 0x0000000704000000| Untracked 
|  17|0x0000000704100000, 0x0000000704100000, 0x0000000704200000|  0%| F|  |TAMS 0x0000000704100000, 0x0000000704100000| Untracked 
|  18|0x0000000704200000, 0x0000000704200000, 0x0000000704300000|  0%| F|  |TAMS 0x0000000704200000, 0x0000000704200000| Untracked 
|  19|0x0000000704300000, 0x0000000704300000, 0x0000000704400000|  0%| F|  |TAMS 0x0000000704300000, 0x0000000704300000| Untracked 
|  20|0x0000000704400000, 0x0000000704400000, 0x0000000704500000|  0%| F|  |TAMS 0x0000000704400000, 0x0000000704400000| Untracked 
|  21|0x0000000704500000, 0x0000000704500000, 0x0000000704600000|  0%| F|  |TAMS 0x0000000704500000, 0x0000000704500000| Untracked 
|  22|0x0000000704600000, 0x0000000704600000, 0x0000000704700000|  0%| F|  |TAMS 0x0000000704600000, 0x0000000704600000| Untracked 
|  23|0x0000000704700000, 0x0000000704700000, 0x0000000704800000|  0%| F|  |TAMS 0x0000000704700000, 0x0000000704700000| Untracked 
|  24|0x0000000704800000, 0x0000000704800000, 0x0000000704900000|  0%| F|  |TAMS 0x0000000704800000, 0x0000000704800000| Untracked 
|  25|0x0000000704900000, 0x0000000704900000, 0x0000000704a00000|  0%| F|  |TAMS 0x0000000704900000, 0x0000000704900000| Untracked 
|  26|0x0000000704a00000, 0x0000000704a00000, 0x0000000704b00000|  0%| F|  |TAMS 0x0000000704a00000, 0x0000000704a00000| Untracked 
|  27|0x0000000704b00000, 0x0000000704b00000, 0x0000000704c00000|  0%| F|  |TAMS 0x0000000704b00000, 0x0000000704b00000| Untracked 
|  28|0x0000000704c00000, 0x0000000704c00000, 0x0000000704d00000|  0%| F|  |TAMS 0x0000000704c00000, 0x0000000704c00000| Untracked 
|  29|0x0000000704d00000, 0x0000000704d00000, 0x0000000704e00000|  0%| F|  |TAMS 0x0000000704d00000, 0x0000000704d00000| Untracked 
|  30|0x0000000704e00000, 0x0000000704e00000, 0x0000000704f00000|  0%| F|  |TAMS 0x0000000704e00000, 0x0000000704e00000| Untracked 
|  31|0x0000000704f00000, 0x0000000704f00000, 0x0000000705000000|  0%| F|  |TAMS 0x0000000704f00000, 0x0000000704f00000| Untracked 
|  32|0x0000000705000000, 0x0000000705000000, 0x0000000705100000|  0%| F|  |TAMS 0x0000000705000000, 0x0000000705000000| Untracked 
|  33|0x0000000705100000, 0x0000000705100000, 0x0000000705200000|  0%| F|  |TAMS 0x0000000705100000, 0x0000000705100000| Untracked 
|  34|0x0000000705200000, 0x0000000705200000, 0x0000000705300000|  0%| F|  |TAMS 0x0000000705200000, 0x0000000705200000| Untracked 
|  35|0x0000000705300000, 0x0000000705300000, 0x0000000705400000|  0%| F|  |TAMS 0x0000000705300000, 0x0000000705300000| Untracked 
|  36|0x0000000705400000, 0x0000000705400000, 0x0000000705500000|  0%| F|  |TAMS 0x0000000705400000, 0x0000000705400000| Untracked 
|  37|0x0000000705500000, 0x0000000705500000, 0x0000000705600000|  0%| F|  |TAMS 0x0000000705500000, 0x0000000705500000| Untracked 
|  38|0x0000000705600000, 0x0000000705600000, 0x0000000705700000|  0%| F|  |TAMS 0x0000000705600000, 0x0000000705600000| Untracked 
|  39|0x0000000705700000, 0x0000000705700000, 0x0000000705800000|  0%| F|  |TAMS 0x0000000705700000, 0x0000000705700000| Untracked 
|  40|0x0000000705800000, 0x0000000705800000, 0x0000000705900000|  0%| F|  |TAMS 0x0000000705800000, 0x0000000705800000| Untracked 
|  41|0x0000000705900000, 0x0000000705900000, 0x0000000705a00000|  0%| F|  |TAMS 0x0000000705900000, 0x0000000705900000| Untracked 
|  42|0x0000000705a00000, 0x0000000705a00000, 0x0000000705b00000|  0%| F|  |TAMS 0x0000000705a00000, 0x0000000705a00000| Untracked 
|  43|0x0000000705b00000, 0x0000000705b00000, 0x0000000705c00000|  0%| F|  |TAMS 0x0000000705b00000, 0x0000000705b00000| Untracked 
|  44|0x0000000705c00000, 0x0000000705c00000, 0x0000000705d00000|  0%| F|  |TAMS 0x0000000705c00000, 0x0000000705c00000| Untracked 
|  45|0x0000000705d00000, 0x0000000705d00000, 0x0000000705e00000|  0%| F|  |TAMS 0x0000000705d00000, 0x0000000705d00000| Untracked 
|  46|0x0000000705e00000, 0x0000000705e00000, 0x0000000705f00000|  0%| F|  |TAMS 0x0000000705e00000, 0x0000000705e00000| Untracked 
|  47|0x0000000705f00000, 0x0000000705f00000, 0x0000000706000000|  0%| F|  |TAMS 0x0000000705f00000, 0x0000000705f00000| Untracked 
|  48|0x0000000706000000, 0x0000000706000000, 0x0000000706100000|  0%| F|  |TAMS 0x0000000706000000, 0x0000000706000000| Untracked 
|  49|0x0000000706100000, 0x0000000706100000, 0x0000000706200000|  0%| F|  |TAMS 0x0000000706100000, 0x0000000706100000| Untracked 
|  50|0x0000000706200000, 0x0000000706200000, 0x0000000706300000|  0%| F|  |TAMS 0x0000000706200000, 0x0000000706200000| Untracked 
|  51|0x0000000706300000, 0x0000000706300000, 0x0000000706400000|  0%| F|  |TAMS 0x0000000706300000, 0x0000000706300000| Untracked 
|  52|0x0000000706400000, 0x0000000706400000, 0x0000000706500000|  0%| F|  |TAMS 0x0000000706400000, 0x0000000706400000| Untracked 
|  53|0x0000000706500000, 0x0000000706500000, 0x0000000706600000|  0%| F|  |TAMS 0x0000000706500000, 0x0000000706500000| Untracked 
|  54|0x0000000706600000, 0x0000000706600000, 0x0000000706700000|  0%| F|  |TAMS 0x0000000706600000, 0x0000000706600000| Untracked 
|  55|0x0000000706700000, 0x0000000706700000, 0x0000000706800000|  0%| F|  |TAMS 0x0000000706700000, 0x0000000706700000| Untracked 
|  56|0x0000000706800000, 0x0000000706800000, 0x0000000706900000|  0%| F|  |TAMS 0x0000000706800000, 0x0000000706800000| Untracked 
|  57|0x0000000706900000, 0x0000000706900000, 0x0000000706a00000|  0%| F|  |TAMS 0x0000000706900000, 0x0000000706900000| Untracked 
|  58|0x0000000706a00000, 0x0000000706a00000, 0x0000000706b00000|  0%| F|  |TAMS 0x0000000706a00000, 0x0000000706a00000| Untracked 
|  59|0x0000000706b00000, 0x0000000706b00000, 0x0000000706c00000|  0%| F|  |TAMS 0x0000000706b00000, 0x0000000706b00000| Untracked 
|  60|0x0000000706c00000, 0x0000000706c00000, 0x0000000706d00000|  0%| F|  |TAMS 0x0000000706c00000, 0x0000000706c00000| Untracked 
|  61|0x0000000706d00000, 0x0000000706d00000, 0x0000000706e00000|  0%| F|  |TAMS 0x0000000706d00000, 0x0000000706d00000| Untracked 
|  62|0x0000000706e00000, 0x0000000706e00000, 0x0000000706f00000|  0%| F|  |TAMS 0x0000000706e00000, 0x0000000706e00000| Untracked 
|  63|0x0000000706f00000, 0x0000000706f00000, 0x0000000707000000|  0%| F|  |TAMS 0x0000000706f00000, 0x0000000706f00000| Untracked 
|  64|0x0000000707000000, 0x0000000707000000, 0x0000000707100000|  0%| F|  |TAMS 0x0000000707000000, 0x0000000707000000| Untracked 
|  65|0x0000000707100000, 0x0000000707100000, 0x0000000707200000|  0%| F|  |TAMS 0x0000000707100000, 0x0000000707100000| Untracked 
|  66|0x0000000707200000, 0x0000000707200000, 0x0000000707300000|  0%| F|  |TAMS 0x0000000707200000, 0x0000000707200000| Untracked 
|  67|0x0000000707300000, 0x0000000707300000, 0x0000000707400000|  0%| F|  |TAMS 0x0000000707300000, 0x0000000707300000| Untracked 
|  68|0x0000000707400000, 0x0000000707400000, 0x0000000707500000|  0%| F|  |TAMS 0x0000000707400000, 0x0000000707400000| Untracked 
|  69|0x0000000707500000, 0x0000000707500000, 0x0000000707600000|  0%| F|  |TAMS 0x0000000707500000, 0x0000000707500000| Untracked 
|  70|0x0000000707600000, 0x0000000707600000, 0x0000000707700000|  0%| F|  |TAMS 0x0000000707600000, 0x0000000707600000| Untracked 
|  71|0x0000000707700000, 0x0000000707700000, 0x0000000707800000|  0%| F|  |TAMS 0x0000000707700000, 0x0000000707700000| Untracked 
|  72|0x0000000707800000, 0x0000000707800000, 0x0000000707900000|  0%| F|  |TAMS 0x0000000707800000, 0x0000000707800000| Untracked 
|  73|0x0000000707900000, 0x0000000707900000, 0x0000000707a00000|  0%| F|  |TAMS 0x0000000707900000, 0x0000000707900000| Untracked 
|  74|0x0000000707a00000, 0x0000000707a00000, 0x0000000707b00000|  0%| F|  |TAMS 0x0000000707a00000, 0x0000000707a00000| Untracked 
|  75|0x0000000707b00000, 0x0000000707b00000, 0x0000000707c00000|  0%| F|  |TAMS 0x0000000707b00000, 0x0000000707b00000| Untracked 
|  76|0x0000000707c00000, 0x0000000707c00000, 0x0000000707d00000|  0%| F|  |TAMS 0x0000000707c00000, 0x0000000707c00000| Untracked 
|  77|0x0000000707d00000, 0x0000000707d00000, 0x0000000707e00000|  0%| F|  |TAMS 0x0000000707d00000, 0x0000000707d00000| Untracked 
|  78|0x0000000707e00000, 0x0000000707e00000, 0x0000000707f00000|  0%| F|  |TAMS 0x0000000707e00000, 0x0000000707e00000| Untracked 
|  79|0x0000000707f00000, 0x0000000707f00000, 0x0000000708000000|  0%| F|  |TAMS 0x0000000707f00000, 0x0000000707f00000| Untracked 
|  80|0x0000000708000000, 0x0000000708000000, 0x0000000708100000|  0%| F|  |TAMS 0x0000000708000000, 0x0000000708000000| Untracked 
|  81|0x0000000708100000, 0x0000000708100000, 0x0000000708200000|  0%| F|  |TAMS 0x0000000708100000, 0x0000000708100000| Untracked 
|  82|0x0000000708200000, 0x0000000708200000, 0x0000000708300000|  0%| F|  |TAMS 0x0000000708200000, 0x0000000708200000| Untracked 
|  83|0x0000000708300000, 0x0000000708300000, 0x0000000708400000|  0%| F|  |TAMS 0x0000000708300000, 0x0000000708300000| Untracked 
|  84|0x0000000708400000, 0x0000000708400000, 0x0000000708500000|  0%| F|  |TAMS 0x0000000708400000, 0x0000000708400000| Untracked 
|  85|0x0000000708500000, 0x0000000708500000, 0x0000000708600000|  0%| F|  |TAMS 0x0000000708500000, 0x0000000708500000| Untracked 
|  86|0x0000000708600000, 0x0000000708600000, 0x0000000708700000|  0%| F|  |TAMS 0x0000000708600000, 0x0000000708600000| Untracked 
|  87|0x0000000708700000, 0x0000000708700000, 0x0000000708800000|  0%| F|  |TAMS 0x0000000708700000, 0x0000000708700000| Untracked 
|  88|0x0000000708800000, 0x0000000708800000, 0x0000000708900000|  0%| F|  |TAMS 0x0000000708800000, 0x0000000708800000| Untracked 
|  89|0x0000000708900000, 0x0000000708900000, 0x0000000708a00000|  0%| F|  |TAMS 0x0000000708900000, 0x0000000708900000| Untracked 
|  90|0x0000000708a00000, 0x0000000708a00000, 0x0000000708b00000|  0%| F|  |TAMS 0x0000000708a00000, 0x0000000708a00000| Untracked 
|  91|0x0000000708b00000, 0x0000000708b00000, 0x0000000708c00000|  0%| F|  |TAMS 0x0000000708b00000, 0x0000000708b00000| Untracked 
|  92|0x0000000708c00000, 0x0000000708c00000, 0x0000000708d00000|  0%| F|  |TAMS 0x0000000708c00000, 0x0000000708c00000| Untracked 
|  93|0x0000000708d00000, 0x0000000708d00000, 0x0000000708e00000|  0%| F|  |TAMS 0x0000000708d00000, 0x0000000708d00000| Untracked 
|  94|0x0000000708e00000, 0x0000000708e00000, 0x0000000708f00000|  0%| F|  |TAMS 0x0000000708e00000, 0x0000000708e00000| Untracked 
|  95|0x0000000708f00000, 0x0000000708f00000, 0x0000000709000000|  0%| F|  |TAMS 0x0000000708f00000, 0x0000000708f00000| Untracked 
|  96|0x0000000709000000, 0x0000000709000000, 0x0000000709100000|  0%| F|  |TAMS 0x0000000709000000, 0x0000000709000000| Untracked 
|  97|0x0000000709100000, 0x0000000709100000, 0x0000000709200000|  0%| F|  |TAMS 0x0000000709100000, 0x0000000709100000| Untracked 
|  98|0x0000000709200000, 0x0000000709200000, 0x0000000709300000|  0%| F|  |TAMS 0x0000000709200000, 0x0000000709200000| Untracked 
|  99|0x0000000709300000, 0x0000000709300000, 0x0000000709400000|  0%| F|  |TAMS 0x0000000709300000, 0x0000000709300000| Untracked 
| 100|0x0000000709400000, 0x0000000709400000, 0x0000000709500000|  0%| F|  |TAMS 0x0000000709400000, 0x0000000709400000| Untracked 
| 101|0x0000000709500000, 0x0000000709500000, 0x0000000709600000|  0%| F|  |TAMS 0x0000000709500000, 0x0000000709500000| Untracked 
| 102|0x0000000709600000, 0x0000000709600000, 0x0000000709700000|  0%| F|  |TAMS 0x0000000709600000, 0x0000000709600000| Untracked 
| 103|0x0000000709700000, 0x0000000709700000, 0x0000000709800000|  0%| F|  |TAMS 0x0000000709700000, 0x0000000709700000| Untracked 
| 104|0x0000000709800000, 0x0000000709800000, 0x0000000709900000|  0%| F|  |TAMS 0x0000000709800000, 0x0000000709800000| Untracked 
| 105|0x0000000709900000, 0x0000000709900000, 0x0000000709a00000|  0%| F|  |TAMS 0x0000000709900000, 0x0000000709900000| Untracked 
| 106|0x0000000709a00000, 0x0000000709a00000, 0x0000000709b00000|  0%| F|  |TAMS 0x0000000709a00000, 0x0000000709a00000| Untracked 
| 107|0x0000000709b00000, 0x0000000709b00000, 0x0000000709c00000|  0%| F|  |TAMS 0x0000000709b00000, 0x0000000709b00000| Untracked 
| 108|0x0000000709c00000, 0x0000000709c00000, 0x0000000709d00000|  0%| F|  |TAMS 0x0000000709c00000, 0x0000000709c00000| Untracked 
| 109|0x0000000709d00000, 0x0000000709d00000, 0x0000000709e00000|  0%| F|  |TAMS 0x0000000709d00000, 0x0000000709d00000| Untracked 
| 110|0x0000000709e00000, 0x0000000709e00000, 0x0000000709f00000|  0%| F|  |TAMS 0x0000000709e00000, 0x0000000709e00000| Untracked 
| 111|0x0000000709f00000, 0x0000000709f00000, 0x000000070a000000|  0%| F|  |TAMS 0x0000000709f00000, 0x0000000709f00000| Untracked 
| 112|0x000000070a000000, 0x000000070a000000, 0x000000070a100000|  0%| F|  |TAMS 0x000000070a000000, 0x000000070a000000| Untracked 
| 113|0x000000070a100000, 0x000000070a100000, 0x000000070a200000|  0%| F|  |TAMS 0x000000070a100000, 0x000000070a100000| Untracked 
| 114|0x000000070a200000, 0x000000070a200000, 0x000000070a300000|  0%| F|  |TAMS 0x000000070a200000, 0x000000070a200000| Untracked 
| 115|0x000000070a300000, 0x000000070a300000, 0x000000070a400000|  0%| F|  |TAMS 0x000000070a300000, 0x000000070a300000| Untracked 
| 116|0x000000070a400000, 0x000000070a400000, 0x000000070a500000|  0%| F|  |TAMS 0x000000070a400000, 0x000000070a400000| Untracked 
| 117|0x000000070a500000, 0x000000070a500000, 0x000000070a600000|  0%| F|  |TAMS 0x000000070a500000, 0x000000070a500000| Untracked 
| 118|0x000000070a600000, 0x000000070a600000, 0x000000070a700000|  0%| F|  |TAMS 0x000000070a600000, 0x000000070a600000| Untracked 
| 119|0x000000070a700000, 0x000000070a700000, 0x000000070a800000|  0%| F|  |TAMS 0x000000070a700000, 0x000000070a700000| Untracked 
| 120|0x000000070a800000, 0x000000070a800000, 0x000000070a900000|  0%| F|  |TAMS 0x000000070a800000, 0x000000070a800000| Untracked 
| 121|0x000000070a900000, 0x000000070a900000, 0x000000070aa00000|  0%| F|  |TAMS 0x000000070a900000, 0x000000070a900000| Untracked 
| 122|0x000000070aa00000, 0x000000070aa00000, 0x000000070ab00000|  0%| F|  |TAMS 0x000000070aa00000, 0x000000070aa00000| Untracked 
| 123|0x000000070ab00000, 0x000000070ab00000, 0x000000070ac00000|  0%| F|  |TAMS 0x000000070ab00000, 0x000000070ab00000| Untracked 
| 124|0x000000070ac00000, 0x000000070ac00000, 0x000000070ad00000|  0%| F|  |TAMS 0x000000070ac00000, 0x000000070ac00000| Untracked 
| 125|0x000000070ad00000, 0x000000070ad00000, 0x000000070ae00000|  0%| F|  |TAMS 0x000000070ad00000, 0x000000070ad00000| Untracked 
| 126|0x000000070ae00000, 0x000000070ae00000, 0x000000070af00000|  0%| F|  |TAMS 0x000000070ae00000, 0x000000070ae00000| Untracked 
| 127|0x000000070af00000, 0x000000070af00000, 0x000000070b000000|  0%| F|  |TAMS 0x000000070af00000, 0x000000070af00000| Untracked 
| 128|0x000000070b000000, 0x000000070b000000, 0x000000070b100000|  0%| F|  |TAMS 0x000000070b000000, 0x000000070b000000| Untracked 
| 129|0x000000070b100000, 0x000000070b100000, 0x000000070b200000|  0%| F|  |TAMS 0x000000070b100000, 0x000000070b100000| Untracked 
| 130|0x000000070b200000, 0x000000070b200000, 0x000000070b300000|  0%| F|  |TAMS 0x000000070b200000, 0x000000070b200000| Untracked 
| 131|0x000000070b300000, 0x000000070b300000, 0x000000070b400000|  0%| F|  |TAMS 0x000000070b300000, 0x000000070b300000| Untracked 
| 132|0x000000070b400000, 0x000000070b400000, 0x000000070b500000|  0%| F|  |TAMS 0x000000070b400000, 0x000000070b400000| Untracked 
| 133|0x000000070b500000, 0x000000070b500000, 0x000000070b600000|  0%| F|  |TAMS 0x000000070b500000, 0x000000070b500000| Untracked 
| 134|0x000000070b600000, 0x000000070b600000, 0x000000070b700000|  0%| F|  |TAMS 0x000000070b600000, 0x000000070b600000| Untracked 
| 135|0x000000070b700000, 0x000000070b700000, 0x000000070b800000|  0%| F|  |TAMS 0x000000070b700000, 0x000000070b700000| Untracked 
| 136|0x000000070b800000, 0x000000070b800000, 0x000000070b900000|  0%| F|  |TAMS 0x000000070b800000, 0x000000070b800000| Untracked 
| 137|0x000000070b900000, 0x000000070b900000, 0x000000070ba00000|  0%| F|  |TAMS 0x000000070b900000, 0x000000070b900000| Untracked 
| 138|0x000000070ba00000, 0x000000070ba00000, 0x000000070bb00000|  0%| F|  |TAMS 0x000000070ba00000, 0x000000070ba00000| Untracked 
| 139|0x000000070bb00000, 0x000000070bb00000, 0x000000070bc00000|  0%| F|  |TAMS 0x000000070bb00000, 0x000000070bb00000| Untracked 
| 140|0x000000070bc00000, 0x000000070bc00000, 0x000000070bd00000|  0%| F|  |TAMS 0x000000070bc00000, 0x000000070bc00000| Untracked 
| 141|0x000000070bd00000, 0x000000070bd00000, 0x000000070be00000|  0%| F|  |TAMS 0x000000070bd00000, 0x000000070bd00000| Untracked 
| 142|0x000000070be00000, 0x000000070be00000, 0x000000070bf00000|  0%| F|  |TAMS 0x000000070be00000, 0x000000070be00000| Untracked 
| 143|0x000000070bf00000, 0x000000070bf00000, 0x000000070c000000|  0%| F|  |TAMS 0x000000070bf00000, 0x000000070bf00000| Untracked 
| 144|0x000000070c000000, 0x000000070c000000, 0x000000070c100000|  0%| F|  |TAMS 0x000000070c000000, 0x000000070c000000| Untracked 
| 145|0x000000070c100000, 0x000000070c100000, 0x000000070c200000|  0%| F|  |TAMS 0x000000070c100000, 0x000000070c100000| Untracked 
| 146|0x000000070c200000, 0x000000070c200000, 0x000000070c300000|  0%| F|  |TAMS 0x000000070c200000, 0x000000070c200000| Untracked 
| 147|0x000000070c300000, 0x000000070c300000, 0x000000070c400000|  0%| F|  |TAMS 0x000000070c300000, 0x000000070c300000| Untracked 
| 148|0x000000070c400000, 0x000000070c400000, 0x000000070c500000|  0%| F|  |TAMS 0x000000070c400000, 0x000000070c400000| Untracked 
| 149|0x000000070c500000, 0x000000070c500000, 0x000000070c600000|  0%| F|  |TAMS 0x000000070c500000, 0x000000070c500000| Untracked 
| 150|0x000000070c600000, 0x000000070c600000, 0x000000070c700000|  0%| F|  |TAMS 0x000000070c600000, 0x000000070c600000| Untracked 
| 151|0x000000070c700000, 0x000000070c700000, 0x000000070c800000|  0%| F|  |TAMS 0x000000070c700000, 0x000000070c700000| Untracked 
| 152|0x000000070c800000, 0x000000070c800000, 0x000000070c900000|  0%| F|  |TAMS 0x000000070c800000, 0x000000070c800000| Untracked 
| 153|0x000000070c900000, 0x000000070c900000, 0x000000070ca00000|  0%| F|  |TAMS 0x000000070c900000, 0x000000070c900000| Untracked 
| 154|0x000000070ca00000, 0x000000070ca00000, 0x000000070cb00000|  0%| F|  |TAMS 0x000000070ca00000, 0x000000070ca00000| Untracked 
| 155|0x000000070cb00000, 0x000000070cb00000, 0x000000070cc00000|  0%| F|  |TAMS 0x000000070cb00000, 0x000000070cb00000| Untracked 
| 156|0x000000070cc00000, 0x000000070cc00000, 0x000000070cd00000|  0%| F|  |TAMS 0x000000070cc00000, 0x000000070cc00000| Untracked 
| 157|0x000000070cd00000, 0x000000070cd00000, 0x000000070ce00000|  0%| F|  |TAMS 0x000000070cd00000, 0x000000070cd00000| Untracked 
| 158|0x000000070ce00000, 0x000000070ce00000, 0x000000070cf00000|  0%| F|  |TAMS 0x000000070ce00000, 0x000000070ce00000| Untracked 
| 159|0x000000070cf00000, 0x000000070cf00000, 0x000000070d000000|  0%| F|  |TAMS 0x000000070cf00000, 0x000000070cf00000| Untracked 
| 160|0x000000070d000000, 0x000000070d000000, 0x000000070d100000|  0%| F|  |TAMS 0x000000070d000000, 0x000000070d000000| Untracked 
| 161|0x000000070d100000, 0x000000070d100000, 0x000000070d200000|  0%| F|  |TAMS 0x000000070d100000, 0x000000070d100000| Untracked 
| 162|0x000000070d200000, 0x000000070d200000, 0x000000070d300000|  0%| F|  |TAMS 0x000000070d200000, 0x000000070d200000| Untracked 
| 163|0x000000070d300000, 0x000000070d300000, 0x000000070d400000|  0%| F|  |TAMS 0x000000070d300000, 0x000000070d300000| Untracked 
| 164|0x000000070d400000, 0x000000070d400000, 0x000000070d500000|  0%| F|  |TAMS 0x000000070d400000, 0x000000070d400000| Untracked 
| 165|0x000000070d500000, 0x000000070d500000, 0x000000070d600000|  0%| F|  |TAMS 0x000000070d500000, 0x000000070d500000| Untracked 
| 166|0x000000070d600000, 0x000000070d600000, 0x000000070d700000|  0%| F|  |TAMS 0x000000070d600000, 0x000000070d600000| Untracked 
| 167|0x000000070d700000, 0x000000070d700000, 0x000000070d800000|  0%| F|  |TAMS 0x000000070d700000, 0x000000070d700000| Untracked 
| 168|0x000000070d800000, 0x000000070d800000, 0x000000070d900000|  0%| F|  |TAMS 0x000000070d800000, 0x000000070d800000| Untracked 
| 169|0x000000070d900000, 0x000000070d900000, 0x000000070da00000|  0%| F|  |TAMS 0x000000070d900000, 0x000000070d900000| Untracked 
| 170|0x000000070da00000, 0x000000070da00000, 0x000000070db00000|  0%| F|  |TAMS 0x000000070da00000, 0x000000070da00000| Untracked 
| 171|0x000000070db00000, 0x000000070db00000, 0x000000070dc00000|  0%| F|  |TAMS 0x000000070db00000, 0x000000070db00000| Untracked 
| 172|0x000000070dc00000, 0x000000070dc00000, 0x000000070dd00000|  0%| F|  |TAMS 0x000000070dc00000, 0x000000070dc00000| Untracked 
| 173|0x000000070dd00000, 0x000000070dd00000, 0x000000070de00000|  0%| F|  |TAMS 0x000000070dd00000, 0x000000070dd00000| Untracked 
| 174|0x000000070de00000, 0x000000070de00000, 0x000000070df00000|  0%| F|  |TAMS 0x000000070de00000, 0x000000070de00000| Untracked 
| 175|0x000000070df00000, 0x000000070df00000, 0x000000070e000000|  0%| F|  |TAMS 0x000000070df00000, 0x000000070df00000| Untracked 
| 176|0x000000070e000000, 0x000000070e000000, 0x000000070e100000|  0%| F|  |TAMS 0x000000070e000000, 0x000000070e000000| Untracked 
| 177|0x000000070e100000, 0x000000070e100000, 0x000000070e200000|  0%| F|  |TAMS 0x000000070e100000, 0x000000070e100000| Untracked 
| 178|0x000000070e200000, 0x000000070e200000, 0x000000070e300000|  0%| F|  |TAMS 0x000000070e200000, 0x000000070e200000| Untracked 
| 179|0x000000070e300000, 0x000000070e300000, 0x000000070e400000|  0%| F|  |TAMS 0x000000070e300000, 0x000000070e300000| Untracked 
| 180|0x000000070e400000, 0x000000070e400000, 0x000000070e500000|  0%| F|  |TAMS 0x000000070e400000, 0x000000070e400000| Untracked 
| 181|0x000000070e500000, 0x000000070e500000, 0x000000070e600000|  0%| F|  |TAMS 0x000000070e500000, 0x000000070e500000| Untracked 
| 182|0x000000070e600000, 0x000000070e600000, 0x000000070e700000|  0%| F|  |TAMS 0x000000070e600000, 0x000000070e600000| Untracked 
| 183|0x000000070e700000, 0x000000070e700000, 0x000000070e800000|  0%| F|  |TAMS 0x000000070e700000, 0x000000070e700000| Untracked 
| 184|0x000000070e800000, 0x000000070e800000, 0x000000070e900000|  0%| F|  |TAMS 0x000000070e800000, 0x000000070e800000| Untracked 
| 185|0x000000070e900000, 0x000000070e900000, 0x000000070ea00000|  0%| F|  |TAMS 0x000000070e900000, 0x000000070e900000| Untracked 
| 186|0x000000070ea00000, 0x000000070ea00000, 0x000000070eb00000|  0%| F|  |TAMS 0x000000070ea00000, 0x000000070ea00000| Untracked 
| 187|0x000000070eb00000, 0x000000070eb00000, 0x000000070ec00000|  0%| F|  |TAMS 0x000000070eb00000, 0x000000070eb00000| Untracked 
| 188|0x000000070ec00000, 0x000000070ec00000, 0x000000070ed00000|  0%| F|  |TAMS 0x000000070ec00000, 0x000000070ec00000| Untracked 
| 189|0x000000070ed00000, 0x000000070ed00000, 0x000000070ee00000|  0%| F|  |TAMS 0x000000070ed00000, 0x000000070ed00000| Untracked 
| 190|0x000000070ee00000, 0x000000070ee00000, 0x000000070ef00000|  0%| F|  |TAMS 0x000000070ee00000, 0x000000070ee00000| Untracked 
| 191|0x000000070ef00000, 0x000000070ef00000, 0x000000070f000000|  0%| F|  |TAMS 0x000000070ef00000, 0x000000070ef00000| Untracked 
| 192|0x000000070f000000, 0x000000070f000000, 0x000000070f100000|  0%| F|  |TAMS 0x000000070f000000, 0x000000070f000000| Untracked 
| 193|0x000000070f100000, 0x000000070f100000, 0x000000070f200000|  0%| F|  |TAMS 0x000000070f100000, 0x000000070f100000| Untracked 
| 194|0x000000070f200000, 0x000000070f200000, 0x000000070f300000|  0%| F|  |TAMS 0x000000070f200000, 0x000000070f200000| Untracked 
| 195|0x000000070f300000, 0x000000070f300000, 0x000000070f400000|  0%| F|  |TAMS 0x000000070f300000, 0x000000070f300000| Untracked 
| 196|0x000000070f400000, 0x000000070f400000, 0x000000070f500000|  0%| F|  |TAMS 0x000000070f400000, 0x000000070f400000| Untracked 
| 197|0x000000070f500000, 0x000000070f500000, 0x000000070f600000|  0%| F|  |TAMS 0x000000070f500000, 0x000000070f500000| Untracked 
| 198|0x000000070f600000, 0x000000070f600000, 0x000000070f700000|  0%| F|  |TAMS 0x000000070f600000, 0x000000070f600000| Untracked 
| 199|0x000000070f700000, 0x000000070f700000, 0x000000070f800000|  0%| F|  |TAMS 0x000000070f700000, 0x000000070f700000| Untracked 
| 200|0x000000070f800000, 0x000000070f800000, 0x000000070f900000|  0%| F|  |TAMS 0x000000070f800000, 0x000000070f800000| Untracked 
| 201|0x000000070f900000, 0x000000070f900000, 0x000000070fa00000|  0%| F|  |TAMS 0x000000070f900000, 0x000000070f900000| Untracked 
| 202|0x000000070fa00000, 0x000000070fa00000, 0x000000070fb00000|  0%| F|  |TAMS 0x000000070fa00000, 0x000000070fa00000| Untracked 
| 203|0x000000070fb00000, 0x000000070fb84010, 0x000000070fc00000| 51%| E|  |TAMS 0x000000070fb00000, 0x000000070fb00000| Complete 
| 204|0x000000070fc00000, 0x000000070fd00000, 0x000000070fd00000|100%| E|CS|TAMS 0x000000070fc00000, 0x000000070fc00000| Complete 
| 205|0x000000070fd00000, 0x000000070fe00000, 0x000000070fe00000|100%| E|CS|TAMS 0x000000070fd00000, 0x000000070fd00000| Complete 
| 206|0x000000070fe00000, 0x000000070ff00000, 0x000000070ff00000|100%| E|CS|TAMS 0x000000070fe00000, 0x000000070fe00000| Complete 
| 207|0x000000070ff00000, 0x0000000710000000, 0x0000000710000000|100%| E|CS|TAMS 0x000000070ff00000, 0x000000070ff00000| Complete 
| 208|0x0000000710000000, 0x0000000710100000, 0x0000000710100000|100%| E|CS|TAMS 0x0000000710000000, 0x0000000710000000| Complete 
| 209|0x0000000710100000, 0x0000000710200000, 0x0000000710200000|100%| E|CS|TAMS 0x0000000710100000, 0x0000000710100000| Complete 
| 210|0x0000000710200000, 0x0000000710300000, 0x0000000710300000|100%| E|CS|TAMS 0x0000000710200000, 0x0000000710200000| Complete 
| 211|0x0000000710300000, 0x0000000710400000, 0x0000000710400000|100%| E|CS|TAMS 0x0000000710300000, 0x0000000710300000| Complete 
| 212|0x0000000710400000, 0x0000000710500000, 0x0000000710500000|100%| E|CS|TAMS 0x0000000710400000, 0x0000000710400000| Complete 
| 213|0x0000000710500000, 0x0000000710600000, 0x0000000710600000|100%| E|CS|TAMS 0x0000000710500000, 0x0000000710500000| Complete 
| 214|0x0000000710600000, 0x0000000710700000, 0x0000000710700000|100%| E|CS|TAMS 0x0000000710600000, 0x0000000710600000| Complete 
| 215|0x0000000710700000, 0x0000000710800000, 0x0000000710800000|100%| E|CS|TAMS 0x0000000710700000, 0x0000000710700000| Complete 
| 216|0x0000000710800000, 0x0000000710900000, 0x0000000710900000|100%| E|CS|TAMS 0x0000000710800000, 0x0000000710800000| Complete 
| 217|0x0000000710900000, 0x0000000710a00000, 0x0000000710a00000|100%| E|CS|TAMS 0x0000000710900000, 0x0000000710900000| Complete 
| 218|0x0000000710a00000, 0x0000000710b00000, 0x0000000710b00000|100%| E|CS|TAMS 0x0000000710a00000, 0x0000000710a00000| Complete 
| 219|0x0000000710b00000, 0x0000000710c00000, 0x0000000710c00000|100%| E|CS|TAMS 0x0000000710b00000, 0x0000000710b00000| Complete 
| 220|0x0000000710c00000, 0x0000000710d00000, 0x0000000710d00000|100%| E|CS|TAMS 0x0000000710c00000, 0x0000000710c00000| Complete 
| 221|0x0000000710d00000, 0x0000000710e00000, 0x0000000710e00000|100%| E|CS|TAMS 0x0000000710d00000, 0x0000000710d00000| Complete 
| 222|0x0000000710e00000, 0x0000000710f00000, 0x0000000710f00000|100%| E|CS|TAMS 0x0000000710e00000, 0x0000000710e00000| Complete 
| 223|0x0000000710f00000, 0x0000000711000000, 0x0000000711000000|100%| E|CS|TAMS 0x0000000710f00000, 0x0000000710f00000| Complete 
| 224|0x0000000711000000, 0x0000000711100000, 0x0000000711100000|100%| E|CS|TAMS 0x0000000711000000, 0x0000000711000000| Complete 
| 225|0x0000000711100000, 0x0000000711200000, 0x0000000711200000|100%| E|CS|TAMS 0x0000000711100000, 0x0000000711100000| Complete 
| 226|0x0000000711200000, 0x0000000711300000, 0x0000000711300000|100%| E|CS|TAMS 0x0000000711200000, 0x0000000711200000| Complete 
| 227|0x0000000711300000, 0x0000000711400000, 0x0000000711400000|100%| S|CS|TAMS 0x0000000711300000, 0x0000000711300000| Complete 
| 228|0x0000000711400000, 0x0000000711500000, 0x0000000711500000|100%| S|CS|TAMS 0x0000000711400000, 0x0000000711400000| Complete 
| 229|0x0000000711500000, 0x0000000711600000, 0x0000000711600000|100%| S|CS|TAMS 0x0000000711500000, 0x0000000711500000| Complete 
| 230|0x0000000711600000, 0x0000000711700000, 0x0000000711700000|100%| E|CS|TAMS 0x0000000711600000, 0x0000000711600000| Complete 
| 231|0x0000000711700000, 0x0000000711800000, 0x0000000711800000|100%| E|CS|TAMS 0x0000000711700000, 0x0000000711700000| Complete 
| 232|0x0000000711800000, 0x0000000711900000, 0x0000000711900000|100%| E|CS|TAMS 0x0000000711800000, 0x0000000711800000| Complete 
| 233|0x0000000711900000, 0x0000000711a00000, 0x0000000711a00000|100%| E|CS|TAMS 0x0000000711900000, 0x0000000711900000| Complete 
| 234|0x0000000711a00000, 0x0000000711b00000, 0x0000000711b00000|100%| E|CS|TAMS 0x0000000711a00000, 0x0000000711a00000| Complete 
| 235|0x0000000711b00000, 0x0000000711c00000, 0x0000000711c00000|100%| E|CS|TAMS 0x0000000711b00000, 0x0000000711b00000| Complete 
| 236|0x0000000711c00000, 0x0000000711d00000, 0x0000000711d00000|100%| E|CS|TAMS 0x0000000711c00000, 0x0000000711c00000| Complete 
| 237|0x0000000711d00000, 0x0000000711e00000, 0x0000000711e00000|100%| E|CS|TAMS 0x0000000711d00000, 0x0000000711d00000| Complete 
| 238|0x0000000711e00000, 0x0000000711f00000, 0x0000000711f00000|100%| E|CS|TAMS 0x0000000711e00000, 0x0000000711e00000| Complete 
| 239|0x0000000711f00000, 0x0000000712000000, 0x0000000712000000|100%| E|CS|TAMS 0x0000000711f00000, 0x0000000711f00000| Complete 
| 240|0x0000000712000000, 0x0000000712100000, 0x0000000712100000|100%| E|CS|TAMS 0x0000000712000000, 0x0000000712000000| Complete 
| 241|0x0000000712100000, 0x0000000712200000, 0x0000000712200000|100%| E|CS|TAMS 0x0000000712100000, 0x0000000712100000| Complete 
| 242|0x0000000712200000, 0x0000000712300000, 0x0000000712300000|100%| E|CS|TAMS 0x0000000712200000, 0x0000000712200000| Complete 
| 243|0x0000000712300000, 0x0000000712400000, 0x0000000712400000|100%| E|CS|TAMS 0x0000000712300000, 0x0000000712300000| Complete 
| 244|0x0000000712400000, 0x0000000712500000, 0x0000000712500000|100%| E|CS|TAMS 0x0000000712400000, 0x0000000712400000| Complete 
| 245|0x0000000712500000, 0x0000000712600000, 0x0000000712600000|100%| E|CS|TAMS 0x0000000712500000, 0x0000000712500000| Complete 
| 246|0x0000000712600000, 0x0000000712700000, 0x0000000712700000|100%| E|CS|TAMS 0x0000000712600000, 0x0000000712600000| Complete 
| 247|0x0000000712700000, 0x0000000712800000, 0x0000000712800000|100%| E|CS|TAMS 0x0000000712700000, 0x0000000712700000| Complete 
| 248|0x0000000712800000, 0x0000000712900000, 0x0000000712900000|100%| E|CS|TAMS 0x0000000712800000, 0x0000000712800000| Complete 
| 249|0x0000000712900000, 0x0000000712a00000, 0x0000000712a00000|100%| E|CS|TAMS 0x0000000712900000, 0x0000000712900000| Complete 
| 250|0x0000000712a00000, 0x0000000712b00000, 0x0000000712b00000|100%| E|CS|TAMS 0x0000000712a00000, 0x0000000712a00000| Complete 
| 251|0x0000000712b00000, 0x0000000712c00000, 0x0000000712c00000|100%| E|CS|TAMS 0x0000000712b00000, 0x0000000712b00000| Complete 
| 252|0x0000000712c00000, 0x0000000712d00000, 0x0000000712d00000|100%| E|CS|TAMS 0x0000000712c00000, 0x0000000712c00000| Complete 
| 253|0x0000000712d00000, 0x0000000712e00000, 0x0000000712e00000|100%| E|CS|TAMS 0x0000000712d00000, 0x0000000712d00000| Complete 

Card table byte_map: [0x0000019998650000,0x0000019998e40000] _byte_map_base: 0x0000019994e38000

Marking Bits (Prev, Next): (CMBitMap*) 0x00000199fcf9a458, (CMBitMap*) 0x00000199fcf9a490
 Prev Bits: [0x0000019999630000, 0x000001999d570000)
 Next Bits: [0x000001999d570000, 0x00000199a14b0000)

Polling page: 0x0000019980000000

Metaspace:

Usage:
  Non-class:     17.78 MB capacity,    17.54 MB ( 99%) used,   229.99 KB (  1%) free+waste,    22.13 KB ( <1%) overhead. 
      Class:      2.23 MB capacity,     2.11 MB ( 95%) used,   109.87 KB (  5%) free+waste,     8.88 KB ( <1%) overhead. 
       Both:     20.01 MB capacity,    19.65 MB ( 98%) used,   339.86 KB (  2%) free+waste,    31.00 KB ( <1%) overhead. 

Virtual space:
  Non-class space:       18.00 MB reserved,      18.00 MB (100%) committed 
      Class space:        1.00 GB reserved,       2.25 MB ( <1%) committed 
             Both:        1.02 GB reserved,      20.25 MB (  2%) committed 

Chunk freelists:
   Non-Class:  3.75 KB
       Class:  3.13 KB
        Both:  6.88 KB

CodeHeap 'non-profiled nmethods': size=120000Kb used=874Kb max_used=874Kb free=119126Kb
 bounds [0x000001998fea0000, 0x0000019990110000, 0x00000199973d0000]
CodeHeap 'profiled nmethods': size=120000Kb used=4532Kb max_used=4532Kb free=115468Kb
 bounds [0x0000019988970000, 0x0000019988de0000, 0x000001998fea0000]
CodeHeap 'non-nmethods': size=5760Kb used=1114Kb max_used=1138Kb free=4645Kb
 bounds [0x00000199883d0000, 0x0000019988640000, 0x0000019988970000]
 total_blobs=2595 nmethods=2171 adapters=335
 compilation: enabled
              stopped_count=0, restarted_count=0
 full_count=0

Compilation events (10 events):
Event: 2.168 Thread 0x00000199a4073000 nmethod 2048 0x000001998ff68090 code [0x000001998ff68220, 0x000001998ff682d8]
Event: 2.168 Thread 0x00000199a4073000 2049       1       org.apache.maven.model.Dependency::getArtifactId (5 bytes)
Event: 2.168 Thread 0x00000199a4073000 nmethod 2049 0x000001998ff68390 code [0x000001998ff68520, 0x000001998ff685d8]
Event: 2.168 Thread 0x00000199a4073000 2055       3       org.codehaus.plexus.interpolation.util.ValueSourceUtils::trimPrefix (88 bytes)
Event: 2.169 Thread 0x00000199a4073000 nmethod 2055 0x0000019988d8a510 code [0x0000019988d8a720, 0x0000019988d8ad58]
Event: 2.169 Thread 0x00000199a4073000 2056   !   3       org.codehaus.plexus.interpolation.StringSearchInterpolator::interpolate (650 bytes)
Event: 2.175 Thread 0x00000199a4073000 nmethod 2056 0x0000019988d8b090 code [0x0000019988d8b780, 0x0000019988d8f738]
Event: 2.175 Thread 0x00000199a4073000 2052  s    1       java.util.Vector::size (5 bytes)
Event: 2.175 Thread 0x00000199a4073000 nmethod 2052 0x000001998ff68690 code [0x000001998ff68820, 0x000001998ff68a58]
Event: 2.175 Thread 0x00000199a4073000 2057       3       java.util.Properties::get (9 bytes)

GC Heap History (2 events):
Event: 0.925 GC heap before
{Heap before GC invocations=0 (full 0):
 garbage-first heap   total 260096K, used 23552K [0x0000000703000000, 0x0000000800000000)
  region size 1024K, 24 young (24576K), 0 survivors (0K)
 Metaspace       used 12543K, capacity 12725K, committed 12928K, reserved 1060864K
  class space    used 1264K, capacity 1348K, committed 1408K, reserved 1048576K
}
Event: 0.933 GC heap after
{Heap after GC invocations=1 (full 0):
 garbage-first heap   total 260096K, used 3490K [0x0000000703000000, 0x0000000800000000)
  region size 1024K, 3 young (3072K), 3 survivors (3072K)
 Metaspace       used 12543K, capacity 12725K, committed 12928K, reserved 1060864K
  class space    used 1264K, capacity 1348K, committed 1408K, reserved 1048576K
}

Deoptimization events (10 events):
Event: 1.931 Thread 0x00000199fcf3b000 Uncommon trap: reason=unstable_if action=reinterpret pc=0x000001998fec0f6c method=java.lang.String.startsWith(Ljava/lang/String;I)Z @ 1 c2
Event: 1.973 Thread 0x00000199fcf3b000 Uncommon trap: reason=unstable_if action=reinterpret pc=0x000001998ff5c7b8 method=org.eclipse.sisu.inject.InjectorBindings.isAssignableFrom(Lcom/google/inject/TypeLiteral;Lcom/google/inject/Binding;)Z @ 14 c2
Event: 2.072 Thread 0x00000199fcf3b000 Uncommon trap: reason=unstable_if action=reinterpret pc=0x000001998ff0adb0 method=java.lang.AbstractStringBuilder.append(Ljava/lang/String;)Ljava/lang/AbstractStringBuilder; @ 1 c2
Event: 2.072 Thread 0x00000199fcf3b000 Uncommon trap: reason=unstable_if action=reinterpret pc=0x000001998fec3988 method=java.lang.AbstractStringBuilder.append(Ljava/lang/String;)Ljava/lang/AbstractStringBuilder; @ 1 c2
Event: 2.082 Thread 0x00000199fcf3b000 Uncommon trap: reason=unstable_if action=reinterpret pc=0x000001998ff25c58 method=java.nio.Buffer.limit(I)Ljava/nio/Buffer; @ 42 c2
Event: 2.107 Thread 0x00000199fcf3b000 Uncommon trap: reason=unstable_if action=reinterpret pc=0x000001998ff324f8 method=java.util.Objects.equals(Ljava/lang/Object;Ljava/lang/Object;)Z @ 6 c2
Event: 2.114 Thread 0x00000199fcf3b000 Uncommon trap: reason=unstable_if action=reinterpret pc=0x000001998ff106ac method=java.lang.String.replace(CC)Ljava/lang/String; @ 2 c2
Event: 2.153 Thread 0x00000199fcf3b000 Uncommon trap: reason=unstable_if action=reinterpret pc=0x000001998ff245e0 method=java.lang.String.indexOf([BBILjava/lang/String;I)I @ 21 c2
Event: 2.153 Thread 0x00000199fcf3b000 Uncommon trap: reason=unstable_if action=reinterpret pc=0x000001998ff23324 method=java.lang.String.indexOf([BBILjava/lang/String;I)I @ 21 c2
Event: 2.174 Thread 0x00000199fcf3b000 Uncommon trap: reason=unstable_if action=reinterpret pc=0x000001998ff3d9b4 method=java.lang.String.substring(I)Ljava/lang/String; @ 34 c2

Classes redefined (0 events):
No events

Internal exceptions (7 events):
Event: 0.279 Thread 0x00000199fcf3b000 Exception <a 'java/lang/NoSuchMethodError'{0x0000000712a455c8}: java.lang.invoke.DirectMethodHandle$Holder.invokeSpecialIFC(Ljava/lang/Object;Ljava/lang/Object;I)I> (0x0000000712a455c8) thrown at [./open/src/hotspot/share/interpreter/linkResolver.cpp, lin
Event: 1.869 Thread 0x00000199fcf3b000 Exception <a 'java/lang/NoClassDefFoundError'{0x00000007109a91a8}: com/google/inject/servlet/ServletModuleTargetVisitor> (0x00000007109a91a8) thrown at [./open/src/hotspot/share/classfile/systemDictionary.cpp, line 217]
Event: 1.869 Thread 0x00000199fcf3b000 Exception <a 'java/lang/NoClassDefFoundError'{0x00000007109a91a8}> (0x00000007109a91a8) thrown at [./open/src/hotspot/share/prims/jvm.cpp, line 1309]
Event: 1.869 Thread 0x00000199fcf3b000 Exception <a 'java/lang/NoClassDefFoundError'{0x00000007109ac380}: javax/annotation/Priority> (0x00000007109ac380) thrown at [./open/src/hotspot/share/classfile/systemDictionary.cpp, line 217]
Event: 1.938 Thread 0x00000199fcf3b000 Exception <a 'java/lang/NoSuchMethodError'{0x000000071077b988}: java.lang.invoke.DirectMethodHandle$Holder.invokeStaticInit(Ljava/lang/Object;IIII)Ljava/lang/Object;> (0x000000071077b988) thrown at [./open/src/hotspot/share/interpreter/linkResolver.cpp, l
Event: 2.072 Thread 0x00000199fcf3b000 Implicit null exception at 0x000001998ff0a874 to 0x000001998ff0ad98
Event: 2.072 Thread 0x00000199fcf3b000 Implicit null exception at 0x000001998fec3474 to 0x000001998fec3970

Events (10 events):
Event: 2.173 loading class org/apache/maven/artifact/versioning/ComparableVersion done
Event: 2.173 loading class org/apache/maven/artifact/versioning/ComparableVersion$Item
Event: 2.173 loading class org/apache/maven/artifact/versioning/ComparableVersion$Item done
Event: 2.174 loading class org/apache/maven/artifact/versioning/ComparableVersion$ListItem
Event: 2.174 loading class org/apache/maven/artifact/versioning/ComparableVersion$ListItem done
Event: 2.174 Thread 0x00000199fcf3b000 Uncommon trap: trap_request=0xffffff4d fr.pc=0x000001998ff3d9b4 relative=0x0000000000000474
Event: 2.174 Thread 0x00000199fcf3b000 DEOPT PACKING pc=0x000001998ff3d9b4 sp=0x0000005374efd8b0
Event: 2.174 Thread 0x00000199fcf3b000 DEOPT UNPACKING pc=0x00000199883f7b2f sp=0x0000005374efd888 mode 2
Event: 2.174 loading class org/apache/maven/artifact/versioning/ComparableVersion$IntItem
Event: 2.174 loading class org/apache/maven/artifact/versioning/ComparableVersion$IntItem done


Dynamic libraries:
0x00007ff6630c0000 - 0x00007ff6630cf000 	C:\Program Files\Java\jdk-11.0.10\bin\java.exe
0x00007ffcdd6e0000 - 0x00007ffcdd8d0000 	C:\Windows\SYSTEM32\ntdll.dll
0x00007ffcb1eb0000 - 0x00007ffcb1ed7000 	C:\Program Files\Cylance\Desktop\CyMemDef64.dll
0x00007ffcdc060000 - 0x00007ffcdc112000 	C:\Windows\System32\KERNEL32.DLL
0x00007ffcdb2d0000 - 0x00007ffcdb575000 	C:\Windows\System32\KERNELBASE.dll
0x00007ffcdb1d0000 - 0x00007ffcdb2ca000 	C:\Windows\System32\ucrtbase.dll
0x00007ffcbecb0000 - 0x00007ffcbecc8000 	C:\Program Files\Java\jdk-11.0.10\bin\jli.dll
0x00007ffcdbc10000 - 0x00007ffcdbcb3000 	C:\Windows\System32\ADVAPI32.dll
0x00007ffcdd1c0000 - 0x00007ffcdd25e000 	C:\Windows\System32\msvcrt.dll
0x00007ffcdc990000 - 0x00007ffcdca27000 	C:\Windows\System32\sechost.dll
0x00007ffcdba90000 - 0x00007ffcdbbaf000 	C:\Windows\System32\RPCRT4.dll
0x00007ffcdbd40000 - 0x00007ffcdbed4000 	C:\Windows\System32\USER32.dll
0x00007ffcdb080000 - 0x00007ffcdb0a1000 	C:\Windows\System32\win32u.dll
0x00007ffcdbf60000 - 0x00007ffcdbf86000 	C:\Windows\System32\GDI32.dll
0x00007ffcdadf0000 - 0x00007ffcdaf88000 	C:\Windows\System32\gdi32full.dll
0x00007ffcdb0e0000 - 0x00007ffcdb17e000 	C:\Windows\System32\msvcp_win.dll
0x00007ffcb9c90000 - 0x00007ffcb9ca5000 	C:\Program Files\Java\jdk-11.0.10\bin\VCRUNTIME140.dll
0x00007ffcc3280000 - 0x00007ffcc3504000 	C:\Windows\WinSxS\amd64_microsoft.windows.common-controls_6595b64144ccf1df_6.0.18362.1500_none_9e79be6de462295c\COMCTL32.dll
0x00007ffcdc590000 - 0x00007ffcdc8c6000 	C:\Windows\System32\combase.dll
0x00007ffcdaff0000 - 0x00007ffcdb071000 	C:\Windows\System32\bcryptPrimitives.dll
0x00007ffcd9cd0000 - 0x00007ffcd9cda000 	C:\Windows\SYSTEM32\VERSION.dll
0x00007ffcdd120000 - 0x00007ffcdd14e000 	C:\Windows\System32\IMM32.DLL
0x00007ffcbb8d0000 - 0x00007ffcbb9d8000 	C:\Program Files (x86)\Citrix\ICA Client\epclient64.dll
0x00007ffcd91b0000 - 0x00007ffcd91e1000 	C:\Windows\SYSTEM32\ntmarta.dll
0x00007ffcdb0b0000 - 0x00007ffcdb0d6000 	C:\Windows\System32\bcrypt.dll
0x00007ffcda2f0000 - 0x00007ffcda37a000 	C:\Program Files\AppSense\Environment Manager\Agent\EmLoader.dll
0x00007ffcdd2d0000 - 0x00007ffcdd427000 	C:\Windows\System32\ole32.dll
0x0000000068000000 - 0x000000006806e000 	C:\Windows\System32\QIPCAP64.dll
0x00007ffcdca30000 - 0x00007ffcdd118000 	C:\Windows\System32\SHELL32.dll
0x00007ffcdb180000 - 0x00007ffcdb1ca000 	C:\Windows\System32\cfgmgr32.dll
0x00000199fbfa0000 - 0x00000199fc047000 	C:\Windows\System32\shcore.dll
0x00007ffcda670000 - 0x00007ffcdadeb000 	C:\Windows\System32\windows.storage.dll
0x00007ffcda5e0000 - 0x00007ffcda5fe000 	C:\Windows\System32\profapi.dll
0x00007ffcda600000 - 0x00007ffcda64a000 	C:\Windows\System32\powrprof.dll
0x00007ffcda590000 - 0x00007ffcda5a0000 	C:\Windows\System32\UMPDC.dll
0x00007ffcdd570000 - 0x00007ffcdd5c2000 	C:\Windows\System32\shlwapi.dll
0x00007ffcda5c0000 - 0x00007ffcda5d1000 	C:\Windows\System32\kernel.appcore.dll
0x00007ffcda650000 - 0x00007ffcda667000 	C:\Windows\System32\cryptsp.dll
0x00007ffcd99a0000 - 0x00007ffcd9a6b000 	C:\Windows\SYSTEM32\DNSAPI.dll
0x00000199fc050000 - 0x00000199fc0bf000 	C:\Windows\System32\WS2_32.dll
0x00007ffcdb860000 - 0x00007ffcdb868000 	C:\Windows\System32\NSI.dll
0x00007ffcd9960000 - 0x00007ffcd999a000 	C:\Windows\SYSTEM32\IPHLPAPI.DLL
0x00007ffcd1b40000 - 0x00007ffcd1bf3000 	C:\Program Files\McAfee\Endpoint Security\Threat Prevention\Ips\EpMPApi.dll
0x00000199fc1e0000 - 0x00000199fc23c000 	C:\Windows\System32\WINTRUST.dll
0x00007ffcda5a0000 - 0x00007ffcda5b2000 	C:\Windows\System32\MSASN1.dll
0x00007ffcdb630000 - 0x00007ffcdb781000 	C:\Windows\System32\CRYPT32.dll
0x0000000058d30000 - 0x0000000058d3c000 	C:\Program Files\McAfee\Endpoint Security\Threat Prevention\Ips\EpMPThe.dll
0x00007ffca37c0000 - 0x00007ffca3818000 	C:\Program Files\McAfee\Endpoint Security\Threat Prevention\Ips\HIPHandlers64.dll
0x00007ffcd87a0000 - 0x00007ffcd8994000 	C:\Windows\SYSTEM32\dbghelp.dll
0x00007ffcac210000 - 0x00007ffcac2ab000 	C:\Program Files\Java\jdk-11.0.10\bin\msvcp140.dll
0x00007ffc59250000 - 0x00007ffc59d4b000 	C:\Program Files\Java\jdk-11.0.10\bin\server\jvm.dll
0x00007ffcdd260000 - 0x00007ffcdd268000 	C:\Windows\System32\PSAPI.DLL
0x00007ffcd5f50000 - 0x00007ffcd5f59000 	C:\Windows\SYSTEM32\WSOCK32.dll
0x00007ffcd36c0000 - 0x00007ffcd36e4000 	C:\Windows\SYSTEM32\WINMM.dll
0x00007ffcd3690000 - 0x00007ffcd36bd000 	C:\Windows\SYSTEM32\WINMMBASE.dll
0x00007ffcd43d0000 - 0x00007ffcd43e0000 	C:\Program Files\Java\jdk-11.0.10\bin\verify.dll
0x00007ffcbdaf0000 - 0x00007ffcbdb1a000 	C:\Windows\SYSTEM32\dbgcore.DLL
0x00007ffcb9b40000 - 0x00007ffcb9b68000 	C:\Program Files\Java\jdk-11.0.10\bin\java.dll
0x00007ffcd2ea0000 - 0x00007ffcd2eaa000 	C:\Program Files\Java\jdk-11.0.10\bin\jimage.dll
0x00007ffcb7b30000 - 0x00007ffcb7b46000 	C:\Program Files\Java\jdk-11.0.10\bin\zip.dll
0x00007ffcae810000 - 0x00007ffcae829000 	C:\Program Files\Java\jdk-11.0.10\bin\net.dll
0x00007ffcd42b0000 - 0x00007ffcd43aa000 	C:\Windows\SYSTEM32\WINHTTP.dll
0x00007ffcd9c40000 - 0x00007ffcd9ca7000 	C:\Windows\system32\mswsock.dll
0x00007ffcae000000 - 0x00007ffcae012000 	C:\Program Files\Java\jdk-11.0.10\bin\nio.dll
0x00007ffcd2380000 - 0x00007ffcd238a000 	D:\apache-maven-3.6.3-bin\apache-maven-3.6.3\lib\jansi-native\windows64\jansi.dll

dbghelp: loaded successfully - version: 4.0.5 - missing functions: none
symbol engine: initialized successfully - sym options: 0x614 - pdb path: .;C:\Program Files\Java\jdk-11.0.10\bin;C:\Windows\SYSTEM32;C:\Program Files\Cylance\Desktop;C:\Windows\WinSxS\amd64_microsoft.windows.common-controls_6595b64144ccf1df_6.0.18362.1500_none_9e79be6de462295c;C:\Program Files (x86)\Citrix\ICA Client;C:\Program Files\AppSense\Environment Manager\Agent;C:\Program Files\McAfee\Endpoint Security\Threat Prevention\Ips;C:\Program Files\Java\jdk-11.0.10\bin\server;D:\apache-maven-3.6.3-bin\apache-maven-3.6.3\lib\jansi-native\windows64

VM Arguments:
jvm_args: -Dmaven.wagon.http.ssl.insecure=true -Dmaven.wagon.http.ssl.allowall=true -Dmaven.wagon.http.ssl.ignore.validity.dates=true -Dclassworlds.conf=D:\apache-maven-3.6.3-bin\apache-maven-3.6.3\bin\..\bin\m2.conf -Dmaven.home=D:\apache-maven-3.6.3-bin\apache-maven-3.6.3\bin\.. -Dlibrary.jansi.path=D:\apache-maven-3.6.3-bin\apache-maven-3.6.3\bin\..\lib\jansi-native -Dmaven.multiModuleProjectDirectory=D:\Datos de Usuarios\S61089\Desktop\ProyectoFrutita\Backend\frutitape-backend 
java_command: org.codehaus.plexus.classworlds.launcher.Launcher package
java_class_path (initial): D:\apache-maven-3.6.3-bin\apache-maven-3.6.3\bin\..\boot\plexus-classworlds-2.6.0.jar
Launcher Type: SUN_STANDARD

[Global flags]
     intx CICompilerCount                          = 4                                         {product} {ergonomic}
     uint ConcGCThreads                            = 2                                         {product} {ergonomic}
     uint G1ConcRefinementThreads                  = 8                                         {product} {ergonomic}
   size_t G1HeapRegionSize                         = 1048576                                   {product} {ergonomic}
    uintx GCDrainStackTargetSize                   = 64                                        {product} {ergonomic}
   size_t InitialHeapSize                          = 266338304                                 {product} {ergonomic}
   size_t MarkStackSize                            = 4194304                                   {product} {ergonomic}
   size_t MaxHeapSize                              = 4244635648                                {product} {ergonomic}
   size_t MaxNewSize                               = 2545942528                                {product} {ergonomic}
   size_t MinHeapDeltaBytes                        = 1048576                                   {product} {ergonomic}
    uintx NonNMethodCodeHeapSize                   = 5836300                                {pd product} {ergonomic}
    uintx NonProfiledCodeHeapSize                  = 122910970                              {pd product} {ergonomic}
    uintx ProfiledCodeHeapSize                     = 122910970                              {pd product} {ergonomic}
    uintx ReservedCodeCacheSize                    = 251658240                              {pd product} {ergonomic}
     bool SegmentedCodeCache                       = true                                      {product} {ergonomic}
     bool UseCompressedClassPointers               = true                                 {lp64_product} {ergonomic}
     bool UseCompressedOops                        = true                                 {lp64_product} {ergonomic}
     bool UseG1GC                                  = true                                      {product} {ergonomic}
     bool UseLargePagesIndividualAllocation        = false                                  {pd product} {ergonomic}

Logging:
Log output configuration:
 #0: stdout all=warning uptime,level,tags
 #1: stderr all=off uptime,level,tags

Environment Variables:
JAVA_HOME=C:\Program Files\Java\jdk-11.0.10
PATH=C:\Program Files (x86)\Microsoft SDKs\Azure\CLI2\wbin;C:\Program Files\Java\jdk-11.0.10\bin;C:\Program Files\Java\jdk1.8.0_281\jre\bin;C:\Program Files\Common Files\Oracle\Java\javapath;C:\Windows\system32;C:\Windows;C:\Windows\System32\Wbem;C:\Windows\System32\WindowsPowerShell\v1.0\;C:\Windows\System32\OpenSSH\;C:\Program Files (x86)\Intel\Intel(R) Management Engine Components\DAL;C:\Program Files\Intel\Intel(R) Management Engine Components\DAL;C:\Program Files\nodejs\;C:\Program Files\Git\cmd;C:\Program Files\Docker\Docker\resources\bin;C:\ProgramData\DockerDesktop\version-bin;C:\ProgramData\chocolatey\bin;C:\Users\S61089\AppData\Local\Microsoft\WindowsApps;C:\Program Files\Java\jdk1.8.0_281\jre\bin;C:\Users\S61089\AppData\Local\Programs\Microsoft VS Code\bin;D:\Datos de Usuarios\S61089\Application Data\npm;D:\apache-maven-3.6.3-bin\apache-maven-3.6.3\bin;C:\Users\S61089\AppData\Local\Programs\Azure Data Studio\bin;C:\gradle\bin;
USERNAME=S61089
OS=Windows_NT
PROCESSOR_IDENTIFIER=Intel64 Family 6 Model 142 Stepping 12, GenuineIntel



---------------  S Y S T E M  ---------------

OS: Windows 10 , 64 bit Build 18362 (10.0.18362.1500)
Hyper-V role detected

CPU:total 8 (initial active 8) (4 cores per cpu, 2 threads per core) family 6 model 142 stepping 12 microcode 0xca, cmov, cx8, fxsr, mmx, sse, sse2, sse3, ssse3, sse4.1, sse4.2, popcnt, avx, avx2, aes, clmul, erms, 3dnowpref, lzcnt, ht, tsc, tscinvbit, bmi1, bmi2, adx, fma

Memory: 4k page, system-wide physical 16190M (3108M free)
TotalPageFile size 31113M (AvailPageFile size 5M)
current process WorkingSet (physical memory assigned to process): 145M, peak: 145M
current process commit charge ("private bytes"): 390M, peak: 390M

vm_info: Java HotSpot(TM) 64-Bit Server VM (11.0.10+8-LTS-162) for windows-amd64 JRE (11.0.10+8-LTS-162), built on Dec  8 2020 16:32:57 by "mach5one" with MS VC++ 15.9 (VS2017)

END.
